2017-17-12 20:16:51.821 ERROR pl.isa.autoparts.tools.LinkGenerator - No category parent or category not found, error in link generating
2018-26-01 04:29:52.701 INFO  pl.isa.autoparts.categories.Parser - Categories XML file loaded
2018-26-01 04:29:53.646 INFO  pl.isa.autoparts.categories.Parser - Allegro categories added
2018-26-01 04:29:54.692 INFO  pl.isa.autoparts.categories.Parser - Categories XML file loaded
2018-26-01 04:29:54.741 INFO  pl.isa.autoparts.categories.Parser - Allegro categories added
2018-26-01 04:30:06.183 DEBUG pl.isa.autoparts.vehiclesearch.VehicleSearch - Created API link: http://infoshareacademycom.2find.runull?lang=polish
2018-26-01 04:31:45.754 INFO  pl.isa.autoparts.categories.Parser - Categories XML file loaded
2018-26-01 04:31:46.583 INFO  pl.isa.autoparts.categories.Parser - Allegro categories added
2018-26-01 04:31:47.107 INFO  pl.isa.autoparts.categories.Parser - Categories XML file loaded
2018-26-01 04:31:47.160 INFO  pl.isa.autoparts.categories.Parser - Allegro categories added
2018-26-01 04:31:59.264 DEBUG pl.isa.autoparts.vehiclesearch.VehicleSearch - Created API link: http://infoshareacademycom.2find.runull?lang=polish
2018-26-01 04:33:13.427 INFO  pl.isa.autoparts.categories.Parser - Categories XML file loaded
2018-26-01 04:33:14.288 INFO  pl.isa.autoparts.categories.Parser - Allegro categories added
2018-26-01 04:33:14.931 INFO  pl.isa.autoparts.categories.Parser - Categories XML file loaded
2018-26-01 04:33:14.983 INFO  pl.isa.autoparts.categories.Parser - Allegro categories added
2018-26-01 04:33:22.977 DEBUG pl.isa.autoparts.vehiclesearch.VehicleSearch - Created API link: http://infoshareacademycom.2find.ru?lang=polish
2018-26-01 04:53:55.658 INFO  pl.isa.autoparts.categories.Parser - Categories XML file loaded
2018-26-01 04:53:56.268 INFO  pl.isa.autoparts.categories.Parser - Allegro categories added
2018-26-01 04:53:57.007 INFO  pl.isa.autoparts.categories.Parser - Categories XML file loaded
2018-26-01 04:53:57.107 INFO  pl.isa.autoparts.categories.Parser - Allegro categories added
2018-26-01 04:54:11.698 INFO  pl.isa.autoparts.InitateAztec - Aztec Reader executed
2018-26-01 04:54:14.301 INFO  pl.isa.autoparts.InitateAztec - Json file loaded
2018-26-01 04:54:27.827 INFO  pl.isa.autoparts.InitateAztec - Aztec Reader executed
2018-26-01 04:54:31.068 DEBUG pl.isa.autoparts.aztec.AtenaSessionReader - Created API link: https://aztec.atena.pl/PWM2/rest/aztec/getbysession?sessionKey=dfgh&userKey=qY2?0Pw!
2018-26-01 04:54:37.094 INFO  pl.isa.autoparts.InitateAztec - Vehicle Search executed
2018-26-01 04:54:43.918 DEBUG pl.isa.autoparts.vehiclesearch.VehicleSearch - Created API link: http://infoshareacademycom.2find.ru?lang=polish
2018-26-01 04:54:44.498 ERROR pl.isa.autoparts.InitateAztec - Problem connecting with database
